<?xml version="1.0" encoding="UTF-8"?>
<testng-results skipped="0" failed="0" total="1" passed="1">
  <reporter-output>
  </reporter-output>
  <suite name="Default suite" duration-ms="8057" started-at="2023-04-09T19:37:01Z" finished-at="2023-04-09T19:37:09Z">
    <groups>
    </groups>
    <test name="Default test" duration-ms="8057" started-at="2023-04-09T19:37:01Z" finished-at="2023-04-09T19:37:09Z">
      <class name="com.firstProject.testCases.Tc_loginTest_001">
        <test-method status="PASS" signature="normalBrowser()[pri:0, instance:com.firstProject.testCases.Tc_loginTest_001@490ab905]" name="normalBrowser" is-config="true" duration-ms="2423" started-at="2023-04-10T01:07:01Z" finished-at="2023-04-10T01:07:04Z">
          <reporter-output>
          </reporter-output>
        </test-method> <!-- normalBrowser -->
        <test-method status="PASS" signature="loginTest()[pri:0, instance:com.firstProject.testCases.Tc_loginTest_001@490ab905]" name="loginTest" duration-ms="4826" started-at="2023-04-10T01:07:04Z" finished-at="2023-04-10T01:07:08Z">
          <reporter-output>
          </reporter-output>
        </test-method> <!-- loginTest -->
        <test-method status="PASS" signature="closeBrowser()[pri:0, instance:com.firstProject.testCases.Tc_loginTest_001@490ab905]" name="closeBrowser" is-config="true" duration-ms="808" started-at="2023-04-10T01:07:08Z" finished-at="2023-04-10T01:07:09Z">
          <reporter-output>
          </reporter-output>
        </test-method> <!-- closeBrowser -->
      </class> <!-- com.firstProject.testCases.Tc_loginTest_001 -->
    </test> <!-- Default test -->
  </suite> <!-- Default suite -->
</testng-results>
